<?xml version="1.0" encoding="UTF-8"?>
<testsuite name="com.jojoldu.book.springboot.web.dto.IndexControllerTest" tests="1" skipped="0" failures="0" errors="0" timestamp="2020-03-19T10:28:33" hostname="LAPTOP-AHIS7577" time="0.316">
  <properties/>
  <testcase name="메인페이지_로딩" classname="com.jojoldu.book.springboot.web.dto.IndexControllerTest" time="0.316"/>
  <system-out><![CDATA[2020-03-19 19:28:33.248  INFO 2200 --- [    Test worker] .b.t.c.SpringBootTestContextBootstrapper : Neither @ContextConfiguration nor @ContextHierarchy found for test class [com.jojoldu.book.springboot.web.dto.IndexControllerTest], using SpringBootContextLoader
2020-03-19 19:28:33.249  INFO 2200 --- [    Test worker] o.s.t.c.support.AbstractContextLoader    : Could not detect default resource locations for test class [com.jojoldu.book.springboot.web.dto.IndexControllerTest]: no resource found for suffixes {-context.xml, Context.groovy}.
2020-03-19 19:28:33.249  INFO 2200 --- [    Test worker] t.c.s.AnnotationConfigContextLoaderUtils : Could not detect default configuration classes for test class [com.jojoldu.book.springboot.web.dto.IndexControllerTest]: IndexControllerTest does not declare any static, non-private, non-final, nested classes annotated with @Configuration.
2020-03-19 19:28:33.302  INFO 2200 --- [    Test worker] .b.t.c.SpringBootTestContextBootstrapper : Found @SpringBootConfiguration com.jojoldu.book.springboot.Application for test class com.jojoldu.book.springboot.web.dto.IndexControllerTest
2020-03-19 19:28:33.305  INFO 2200 --- [    Test worker] .b.t.c.SpringBootTestContextBootstrapper : Loaded default TestExecutionListener class names from location [META-INF/spring.factories]: [org.springframework.security.test.context.support.WithSecurityContextTestExecutionListener, org.springframework.security.test.context.support.ReactorContextTestExecutionListener, org.springframework.boot.test.autoconfigure.restdocs.RestDocsTestExecutionListener, org.springframework.boot.test.autoconfigure.web.client.MockRestServiceServerResetTestExecutionListener, org.springframework.boot.test.autoconfigure.web.servlet.MockMvcPrintOnlyOnFailureTestExecutionListener, org.springframework.boot.test.autoconfigure.web.servlet.WebDriverTestExecutionListener, org.springframework.boot.test.mock.mockito.MockitoTestExecutionListener, org.springframework.boot.test.mock.mockito.ResetMocksTestExecutionListener, org.springframework.test.context.web.ServletTestExecutionListener, org.springframework.test.context.support.DirtiesContextBeforeModesTestExecutionListener, org.springframework.test.context.support.DependencyInjectionTestExecutionListener, org.springframework.test.context.support.DirtiesContextTestExecutionListener, org.springframework.test.context.transaction.TransactionalTestExecutionListener, org.springframework.test.context.jdbc.SqlScriptsTestExecutionListener]
2020-03-19 19:28:33.328  INFO 2200 --- [    Test worker] .b.t.c.SpringBootTestContextBootstrapper : Using TestExecutionListeners: [org.springframework.test.context.web.ServletTestExecutionListener@3f780cb8, org.springframework.test.context.support.DirtiesContextBeforeModesTestExecutionListener@2e4824ca, org.springframework.boot.test.mock.mockito.MockitoTestExecutionListener@23973de6, org.springframework.boot.test.autoconfigure.SpringBootDependencyInjectionTestExecutionListener@50a49018, org.springframework.test.context.support.DirtiesContextTestExecutionListener@2f465b78, org.springframework.test.context.transaction.TransactionalTestExecutionListener@40c7442e, org.springframework.test.context.jdbc.SqlScriptsTestExecutionListener@5a2529dd, org.springframework.security.test.context.support.WithSecurityContextTestExecutionListener@2ef556d1, org.springframework.security.test.context.support.ReactorContextTestExecutionListener@337545ec, org.springframework.boot.test.autoconfigure.restdocs.RestDocsTestExecutionListener@49698198, org.springframework.boot.test.autoconfigure.web.client.MockRestServiceServerResetTestExecutionListener@3a7122a9, org.springframework.boot.test.autoconfigure.web.servlet.MockMvcPrintOnlyOnFailureTestExecutionListener@3e36b8e8, org.springframework.boot.test.autoconfigure.web.servlet.WebDriverTestExecutionListener@2775c0e7, org.springframework.boot.test.mock.mockito.ResetMocksTestExecutionListener@2215e0d0]
Hibernate: select posts0_.id as id1_0_, posts0_.created_date as created_2_0_, posts0_.modified_date as modified3_0_, posts0_.author as author4_0_, posts0_.content as content5_0_, posts0_.title as title6_0_ from posts posts0_ order by posts0_.id DESC
]]></system-out>
  <system-err><![CDATA[]]></system-err>
</testsuite>
